<?xml version="1.0" encoding="UTF-8"?>
<!-- Generated by org.testng.reporters.JUnitReportReporter -->
<testsuite skipped="0" hostname="CPI-Darren" name="com.geniisys.automation.ParCreationTest" tests="1" failures="0" timestamp="07 Jun 2018 07:47:09 GMT" time="69.101" errors="0">
  <testcase name="parCreation" time="69.101" classname="com.geniisys.automation.ParCreationTest"/>
</testsuite> <!-- com.geniisys.automation.ParCreationTest -->
