<?xml version="1.0" encoding="UTF-8"?>
<!-- Generated by org.testng.reporters.JUnitReportReporter -->
<testsuite skipped="0" hostname="CPI-Darren" name="com.geniisys.automation.blocks.main.Login2Test" tests="1" failures="0" timestamp="27 Feb 2018 06:03:44 GMT" time="19.603" errors="0">
  <testcase name="login" time="19.603" classname="com.geniisys.automation.blocks.main.Login2Test"/>
</testsuite> <!-- com.geniisys.automation.blocks.main.Login2Test -->
