<?xml version="1.0" encoding="UTF-8"?>
<!-- Generated by org.testng.reporters.JUnitReportReporter -->
<testsuite skipped="0" hostname="CPI-Darren" name="com.geniisys.automation.TestNG3" tests="1" failures="0" timestamp="24 Mar 2018 06:59:15 GMT" time="0.003" errors="0">
  <testcase name="Test3" time="0.003" classname="com.geniisys.automation.TestNG3"/>
</testsuite> <!-- com.geniisys.automation.TestNG3 -->
