<?xml version="1.0" encoding="UTF-8"?>
<!-- Generated by org.testng.reporters.JUnitReportReporter -->
<testsuite skipped="0" hostname="CPI-Darren" name="com.geniisys.automation.GoogleTest" tests="1" failures="0" timestamp="07 Jun 2018 08:16:01 GMT" time="2.675" errors="0">
  <testcase name="test" time="2.675" classname="com.geniisys.automation.GoogleTest"/>
</testsuite> <!-- com.geniisys.automation.GoogleTest -->
