<?xml version="1.0" encoding="UTF-8"?>
<!-- Generated by org.testng.reporters.JUnitReportReporter -->
<testsuite skipped="0" hostname="CPI-Darren" name="com.geniisys.automation.TestNG" tests="2" failures="0" timestamp="24 Mar 2018 06:44:56 GMT" time="0.016" errors="0">
  <testcase name="f" time="0.009" classname="com.geniisys.automation.TestNG"/>
  <testcase name="f" time="0.007" classname="com.geniisys.automation.TestNG"/>
</testsuite> <!-- com.geniisys.automation.TestNG -->
