<?xml version="1.0" encoding="UTF-8"?>
<!-- Generated by org.testng.reporters.JUnitReportReporter -->
<testsuite skipped="0" hostname="CPI-Darren" name="com.geniisys.automation.LoggerTest" tests="1" failures="0" timestamp="23 Mar 2018 09:59:37 GMT" time="0.017" errors="0">
  <testcase name="test" time="0.017" classname="com.geniisys.automation.LoggerTest"/>
</testsuite> <!-- com.geniisys.automation.LoggerTest -->
