<?xml version="1.0" encoding="UTF-8"?>
<!-- Generated by org.testng.reporters.JUnitReportReporter -->
<testsuite skipped="0" hostname="CPI-Darren" name="com.geniisys.automation.TestNG2" tests="2" failures="0" timestamp="24 Mar 2018 07:34:29 GMT" time="0.022" errors="0">
  <testcase name="test2" time="0.003" classname="com.geniisys.automation.TestNG2"/>
  <testcase name="test" time="0.019" classname="com.geniisys.automation.TestNG2"/>
</testsuite> <!-- com.geniisys.automation.TestNG2 -->
