<?xml version="1.0" encoding="UTF-8"?>
<!-- Generated by org.testng.reporters.JUnitReportReporter -->
<testsuite skipped="0" hostname="CPI-Darren" name="com.geniisys.automation.LogInTest" tests="1" failures="0" timestamp="28 Feb 2018 01:58:29 GMT" time="29.741" errors="0">
  <testcase name="logIn" time="29.741" classname="com.geniisys.automation.LogInTest"/>
</testsuite> <!-- com.geniisys.automation.LogInTest -->
