<?xml version="1.0" encoding="UTF-8"?>
<!-- Generated by org.testng.reporters.JUnitReportReporter -->
<testsuite skipped="0" hostname="CPI-Darren" name="com.geniisys.automation.Login2Test" tests="1" failures="0" timestamp="28 Feb 2018 07:42:46 GMT" time="64.043" errors="0">
  <testcase name="login" time="64.043" classname="com.geniisys.automation.Login2Test"/>
</testsuite> <!-- com.geniisys.automation.Login2Test -->
